Start testing: Jul 12 22:16 CST
----------------------------------------------------------
1/1 Testing: pid_controller_test
1/1 Test: pid_controller_test
Command: "/home/jiaverso/Desktop/SparkCar_ROS2_WS/SparkCar_Controller/build/target_follower/pid_controller_test"
Directory: /home/jiaverso/Desktop/SparkCar_ROS2_WS/SparkCar_Controller/build/target_follower
"pid_controller_test" start time: Jul 12 22:16 CST
Output:
----------------------------------------------------------
<end of output>
Test time =   0.00 sec
----------------------------------------------------------
Test Passed.
"pid_controller_test" end time: Jul 12 22:16 CST
"pid_controller_test" time elapsed: 00:00:00
----------------------------------------------------------

End testing: Jul 12 22:16 CST
