<?xml version="1.0" encoding="UTF-8"?>
<Site BuildName="(empty)"
	BuildStamp="20260712-1416-Experimental"
	Name="NUC11"
	Generator="ctest-3.22.1"
	CompilerName="/usr/bin/c++"
	CompilerVersion="11.4.0"
	OSName="Linux"
	Hostname="NUC11"
	OSRelease="6.8.0-124-generic"
	OSVersion="#124~22.04.1-Ubuntu SMP PREEMPT_DYNAMIC Tue May 26 21:05:19 UTC "
	OSPlatform="x86_64"
	Is64Bits="1"
	VendorString="GenuineIntel"
	VendorID="Intel Corporation"
	FamilyID="6"
	ModelID="140"
	ProcessorCacheSize="8192"
	NumberOfLogicalCPU="8"
	NumberOfPhysicalCPU="4"
	TotalVirtualMemory="19072"
	TotalPhysicalMemory="15638"
	LogicalProcessorsPerPhysical="2"
	ProcessorClockFrequency="3800.1"
	>
	<Testing>
		<StartDateTime>Jul 12 22:16 CST</StartDateTime>
		<StartTestTime>1783865812</StartTestTime>
		<TestList>
			<Test>./pid_controller_test</Test>
		</TestList>
		<Test Status="passed">
			<Name>pid_controller_test</Name>
			<Path>.</Path>
			<FullName>./pid_controller_test</FullName>
			<FullCommandLine>/home/jiaverso/Desktop/SparkCar_ROS2_WS/SparkCar_Controller/build/target_follower/pid_controller_test</FullCommandLine>
			<Results>
				<NamedMeasurement type="numeric/double" name="Execution Time">
					<Value>0.00196436</Value>
				</NamedMeasurement>
				<NamedMeasurement type="numeric/double" name="Processors">
					<Value>1</Value>
				</NamedMeasurement>
				<NamedMeasurement type="text/string" name="Completion Status">
					<Value>Completed</Value>
				</NamedMeasurement>
				<NamedMeasurement type="text/string" name="Command Line">
					<Value>/home/jiaverso/Desktop/SparkCar_ROS2_WS/SparkCar_Controller/build/target_follower/pid_controller_test</Value>
				</NamedMeasurement>
				<NamedMeasurement type="text/string" name="Environment">
					<Value>#CTEST_RESOURCE_GROUP_COUNT=</Value>
				</NamedMeasurement>
				<Measurement>
					<Value></Value>
				</Measurement>
			</Results>
		</Test>
		<EndDateTime>Jul 12 22:16 CST</EndDateTime>
		<EndTestTime>1783865812</EndTestTime>
		<ElapsedMinutes>0</ElapsedMinutes>
	</Testing>
</Site>
